[debug] [2021-02-06T07:04:13.468Z] ----------------------------------------------------------------------
[debug] [2021-02-06T07:04:13.470Z] Command:       /usr/bin/node /usr/local/bin/firebase init
[debug] [2021-02-06T07:04:13.470Z] CLI Version:   9.1.2
[debug] [2021-02-06T07:04:13.470Z] Platform:      linux
[debug] [2021-02-06T07:04:13.470Z] Node Version:  v14.15.4
[debug] [2021-02-06T07:04:13.471Z] Time:          Sat Feb 06 2021 01:04:13 GMT-0600 (Central Standard Time)
[debug] [2021-02-06T07:04:13.471Z] ----------------------------------------------------------------------
[debug] [2021-02-06T07:04:13.471Z] 
[debug] [2021-02-06T07:04:13.475Z] >>> [apiv2][query] GET https://firebase-public.firebaseio.com/cli.json [none]
[debug] [2021-02-06T07:04:13.523Z] > command requires scopes: ["email","openid","https://www.googleapis.com/auth/cloudplatformprojects.readonly","https://www.googleapis.com/auth/firebase","https://www.googleapis.com/auth/cloud-platform"]
[debug] [2021-02-06T07:04:13.524Z] > authorizing via signed-in user
[info] 
     ######## #### ########  ######## ########     ###     ######  ########
     ##        ##  ##     ## ##       ##     ##  ##   ##  ##       ##
     ######    ##  ########  ######   ########  #########  ######  ######
     ##        ##  ##    ##  ##       ##     ## ##     ##       ## ##
     ##       #### ##     ## ######## ########  ##     ##  ######  ########

You're about to initialize a Firebase project in this directory:

  /home/jjsa/Documents/Coding_Interview

[debug] [2021-02-06T07:04:14.039Z] <<< [apiv2][status] GET https://firebase-public.firebaseio.com/cli.json 200
[debug] [2021-02-06T07:04:14.039Z] <<< [apiv2][body] GET https://firebase-public.firebaseio.com/cli.json {"cloudBuildErrorAfter":1594252800000,"cloudBuildWarnAfter":1590019200000,"defaultNode10After":1594252800000,"minVersion":"3.0.5","node8DeploysDisabledAfter":1613390400000,"node8RuntimeDisabledAfter":1615809600000,"node8WarnAfter":1600128000000}
